<?xml version="1.0" encoding="UTF-8"?>
<testsuite name="com.mycom.myapp.basic.TestAssert2" tests="1" skipped="0" failures="1" errors="0" timestamp="2026-07-07T06:24:26.455Z" hostname="kwondoha" time="0.015">
  <properties/>
  <testcase name="test6()" classname="com.mycom.myapp.basic.TestAssert2" time="0.011">
    <failure message="org.opentest4j.AssertionFailedError: expected: java.lang.String@18f20260&lt;Hello&gt; but was: java.lang.String@1643d68f&lt;Hello&gt;" type="org.opentest4j.AssertionFailedError">org.opentest4j.AssertionFailedError: expected: java.lang.String@18f20260&lt;Hello&gt; but was: java.lang.String@1643d68f&lt;Hello&gt;
	at org.junit.jupiter.api.AssertionFailureBuilder.build(AssertionFailureBuilder.java:158)
	at org.junit.jupiter.api.AssertionFailureBuilder.buildAndThrow(AssertionFailureBuilder.java:139)
	at org.junit.jupiter.api.AssertSame.failNotSame(AssertSame.java:54)
	at org.junit.jupiter.api.AssertSame.assertSame(AssertSame.java:37)
	at org.junit.jupiter.api.AssertSame.assertSame(AssertSame.java:32)
	at org.junit.jupiter.api.Assertions.assertSame(Assertions.java:2951)
	at com.mycom.myapp.basic.TestAssert2.test6(TestAssert2.java:103)
</failure>
  </testcase>
  <system-out><![CDATA[]]></system-out>
  <system-err><![CDATA[]]></system-err>
</testsuite>
